<?xml version="1.0" encoding="UTF-8"?>
<!-- Generated by org.testng.reporters.JUnitXMLReporter -->
<testsuite ignored="0" hostname="Albi" failures="1" tests="1" name="Test(failed)" time="45.584" errors="0" timestamp="2025-06-24T20:22:33 IST">
  <testcase classname="tests.planCheckoutTest" name="testPlanSelection" time="45.541">
    <failure type="org.openqa.selenium.ElementClickInterceptedException" message="element click intercepted: Element &amp;lt;span class=&amp;quot;vc_tta-title-text&amp;quot;&amp;gt;...&amp;lt;/span&amp;gt; is not clickable at point (1011, 9). Other element would receive the click: &amp;lt;div class=&amp;quot;large-view edibles-sticky-object pre-sticky sticky&amp;quot; id=&amp;quot;myHeader&amp;quot;&amp;gt;...&amp;lt;/div&amp;gt;
  (Session info: chrome=137.0.7151.120)
Build info: version: &amp;apos;4.33.0&amp;apos;, revision: &amp;apos;2c6aaad03a&amp;apos;
System info: os.name: &amp;apos;Windows 11&amp;apos;, os.arch: &amp;apos;amd64&amp;apos;, os.version: &amp;apos;10.0&amp;apos;, java.version: &amp;apos;21.0.6&amp;apos;
Driver info: org.openqa.selenium.chrome.ChromeDriver
Command: [574efc90ad89e68943a0c3ffff59dc85, clickElement {id=f.B045A11518B496EA2ED31CF127E11367.d.B51939404E23470E49E315C7BB5BB171.e.337}]
Capabilities {acceptInsecureCerts: false, browserName: chrome, browserVersion: 137.0.7151.120, chrome: {chromedriverVersion: 137.0.7151.119 (e0ac9d12dff..., userDataDir: C:\Users\ASUS\AppData\Local...}, fedcm:accounts: true, goog:chromeOptions: {debuggerAddress: localhost:51753}, networkConnectionEnabled: false, pageLoadStrategy: normal, platformName: windows, proxy: Proxy(), se:cdp: ws://localhost:51753/devtoo..., se:cdpVersion: 137.0.7151.120, setWindowRect: true, strictFileInteractability: false, timeouts: {implicit: 0, pageLoad: 300000, script: 30000}, unhandledPromptBehavior: dismiss and notify, webauthn:extension:credBlob: true, webauthn:extension:largeBlob: true, webauthn:extension:minPinLength: true, webauthn:extension:prf: true, webauthn:virtualAuthenticators: true}
Element: [[ChromeDriver: chrome on windows (574efc90ad89e68943a0c3ffff59dc85)] -&amp;gt; xpath: //li[@class=&amp;apos;vc_tta-tab&amp;apos;]//a[@href=&amp;apos;#low-crab-monthly&amp;apos;]//span[@class=&amp;apos;vc_tta-title-text&amp;apos;][normalize-space()=&amp;apos;LOW CARB&amp;apos;]]
Session ID: 574efc90ad89e68943a0c3ffff59dc85">
      <![CDATA[org.openqa.selenium.ElementClickInterceptedException: element click intercepted: Element <span class="vc_tta-title-text">...</span> is not clickable at point (1011, 9). Other element would receive the click: <div class="large-view edibles-sticky-object pre-sticky sticky" id="myHeader">...</div>
  (Session info: chrome=137.0.7151.120)
Build info: version: '4.33.0', revision: '2c6aaad03a'
System info: os.name: 'Windows 11', os.arch: 'amd64', os.version: '10.0', java.version: '21.0.6'
Driver info: org.openqa.selenium.chrome.ChromeDriver
Command: [574efc90ad89e68943a0c3ffff59dc85, clickElement {id=f.B045A11518B496EA2ED31CF127E11367.d.B51939404E23470E49E315C7BB5BB171.e.337}]
Capabilities {acceptInsecureCerts: false, browserName: chrome, browserVersion: 137.0.7151.120, chrome: {chromedriverVersion: 137.0.7151.119 (e0ac9d12dff..., userDataDir: C:\Users\ASUS\AppData\Local...}, fedcm:accounts: true, goog:chromeOptions: {debuggerAddress: localhost:51753}, networkConnectionEnabled: false, pageLoadStrategy: normal, platformName: windows, proxy: Proxy(), se:cdp: ws://localhost:51753/devtoo..., se:cdpVersion: 137.0.7151.120, setWindowRect: true, strictFileInteractability: false, timeouts: {implicit: 0, pageLoad: 300000, script: 30000}, unhandledPromptBehavior: dismiss and notify, webauthn:extension:credBlob: true, webauthn:extension:largeBlob: true, webauthn:extension:minPinLength: true, webauthn:extension:prf: true, webauthn:virtualAuthenticators: true}
Element: [[ChromeDriver: chrome on windows (574efc90ad89e68943a0c3ffff59dc85)] -> xpath: //li[@class='vc_tta-tab']//a[@href='#low-crab-monthly']//span[@class='vc_tta-title-text'][normalize-space()='LOW CARB']]
Session ID: 574efc90ad89e68943a0c3ffff59dc85
at org.openqa.selenium.remote.ErrorCodec.decode(ErrorCodec.java:167)
at org.openqa.selenium.remote.codec.w3c.W3CHttpResponseCodec.decode(W3CHttpResponseCodec.java:138)
at org.openqa.selenium.remote.codec.w3c.W3CHttpResponseCodec.decode(W3CHttpResponseCodec.java:50)
at org.openqa.selenium.remote.HttpCommandExecutor.execute(HttpCommandExecutor.java:215)
at org.openqa.selenium.remote.service.DriverCommandExecutor.invokeExecute(DriverCommandExecutor.java:216)
at org.openqa.selenium.remote.service.DriverCommandExecutor.execute(DriverCommandExecutor.java:174)
at org.openqa.selenium.remote.RemoteWebDriver.execute(RemoteWebDriver.java:544)
at org.openqa.selenium.remote.RemoteWebElement.execute(RemoteWebElement.java:223)
at org.openqa.selenium.remote.RemoteWebElement.click(RemoteWebElement.java:76)
at pages.planCheckoutPage.chooseDietCategory(planCheckoutPage.java:53)
at tests.planCheckoutTest.testPlanSelection(planCheckoutTest.java:15)
at java.base/java.util.ArrayList.forEach(ArrayList.java:1596)
... Removed 28 stack frames]]>
    </failure>
  </testcase> <!-- testPlanSelection -->
</testsuite> <!-- Test(failed) -->
